+ ld obj/kern/kernel
+ mk obj/kern/kernel.img
6828 decimal is XXX octal!

e820 MEMORY MAP
size: 20, address: 0x0000000000000000, length: 0x000000000009fc00, type: 1
size: 20, address: 0x000000000009fc00, length: 0x0000000000000400, type: 2
size: 20, address: 0x00000000000f0000, length: 0x0000000000010000, type: 2
size: 20, address: 0x0000000000100000, length: 0x000000000fefe000, type: 1
size: 20, address: 0x000000000fffe000, length: 0x0000000000002000, type: 2
size: 20, address: 0x00000000fffc0000, length: 0x0000000000040000, type: 2

Physical memory: 256M available, base = 636K, extended = 261120K, npages = 65536
Pages limited to 3276800 by upage address range (12800MB), Pages limited to 134201344 by remapped phys mem (524224MB)
check_page_alloc() succeeded!
check_page() succeeded!
check_boot_pml4e() succeeded!
Found boot cpu..
type: 0 apicid:0 version:17 signature:80040f0b60 feature:78bfbf9 flags:3 reserved:80040f0b68
SMP: CPU 0 found 1 CPU(s)
enabled interrupts: 1 2 4
FS is running
FS can do I/O
Device 1 presence: 1
2
3
5
7
11
13
17
19
23
29
31
37
41
43
47
53
59
61
block cache is good
superblock is good
67
71
73
79
83
89
bitmap is good
97
alloc_block is good
101
103
107
109
113
file_open is good
127
131
137
139
file_get_block is good
149
151
157
163
167
file_flush is good
173
179
181
191
193
197
199
file_truncate is good
211
223
227
229
233
239
241
251
257
263
269
271
277
281
283
293
307
311
313
317
file rewrite is good
331
337
347
349
353
359
367
373
379
383
389
397
401
409
419
421
431
433
439
443
449
457
461
463
467
479
487
491
499
503
509
521
523
541
547
557
563
569
571
577
587
593
599
601
607
613
617
619
631
641
643
647
653
659
661
673
677
683
691
701
709
719
727
733
739
743
751
757
761
769
773
787
797
809
811
821
823
827
829
839
853
857
859
863
877
881
883
887
907
911
919
929
937
941
947
953
967
971
977
983
991
997
1009
qemu: terminating on signal 15 from pid 4252
